

============================== 2022-06-05 15:30:08.351137 | 12473c9b-987b-40d3-987e-6025a1a1cf48 ==============================
15:30:08.351154 [info ] [MainThread]: Running with dbt=1.1.0
15:30:08.351588 [debug] [MainThread]: running dbt with arguments {'write_json': True, 'use_colors': True, 'printer_width': 80, 'version_check': True, 'partial_parse': True, 'static_parser': True, 'profiles_dir': '/dbt', 'send_anonymous_usage_stats': True, 'event_buffer_size': 100000, 'quiet': False, 'no_print': False, 'parse_only': False, 'which': 'compile', 'rpc_method': 'compile', 'indirect_selection': 'eager'}
15:30:08.351721 [debug] [MainThread]: Tracking: tracking
15:30:08.354816 [debug] [MainThread]: Sending event: {'category': 'dbt', 'action': 'invocation', 'label': 'start', 'context': [<snowplow_tracker.self_describing_json.SelfDescribingJson object at 0x7fb9c3eda690>, <snowplow_tracker.self_describing_json.SelfDescribingJson object at 0x7fb9c3eda890>, <snowplow_tracker.self_describing_json.SelfDescribingJson object at 0x7fb9c3eda850>]}
15:30:08.364594 [info ] [MainThread]: Partial parse save file not found. Starting full parse.
15:30:08.364893 [debug] [MainThread]: Sending event: {'category': 'dbt', 'action': 'partial_parser', 'label': '12473c9b-987b-40d3-987e-6025a1a1cf48', 'context': [<snowplow_tracker.self_describing_json.SelfDescribingJson object at 0x7fb9c3ece790>]}
15:30:08.373904 [debug] [MainThread]: Parsing macros/adapters.sql
15:30:08.394908 [debug] [MainThread]: Parsing macros/catalog.sql
15:30:08.396914 [debug] [MainThread]: Parsing macros/relations.sql
15:30:08.398089 [debug] [MainThread]: Parsing macros/materializations/snapshot_merge.sql
15:30:08.399635 [debug] [MainThread]: Parsing macros/adapters/columns.sql
15:30:08.408670 [debug] [MainThread]: Parsing macros/adapters/freshness.sql
15:30:08.411427 [debug] [MainThread]: Parsing macros/adapters/indexes.sql
15:30:08.413953 [debug] [MainThread]: Parsing macros/adapters/metadata.sql
15:30:08.420636 [debug] [MainThread]: Parsing macros/adapters/persist_docs.sql
15:30:08.424761 [debug] [MainThread]: Parsing macros/adapters/relation.sql
15:30:08.433427 [debug] [MainThread]: Parsing macros/adapters/schema.sql
15:30:08.435830 [debug] [MainThread]: Parsing macros/etc/datetime.sql
15:30:08.443446 [debug] [MainThread]: Parsing macros/etc/statement.sql
15:30:08.447609 [debug] [MainThread]: Parsing macros/generic_test_sql/accepted_values.sql
15:30:08.448900 [debug] [MainThread]: Parsing macros/generic_test_sql/not_null.sql
15:30:08.449687 [debug] [MainThread]: Parsing macros/generic_test_sql/relationships.sql
15:30:08.450496 [debug] [MainThread]: Parsing macros/generic_test_sql/unique.sql
15:30:08.451174 [debug] [MainThread]: Parsing macros/get_custom_name/get_custom_alias.sql
15:30:08.452540 [debug] [MainThread]: Parsing macros/get_custom_name/get_custom_database.sql
15:30:08.453964 [debug] [MainThread]: Parsing macros/get_custom_name/get_custom_schema.sql
15:30:08.456305 [debug] [MainThread]: Parsing macros/materializations/configs.sql
15:30:08.459131 [debug] [MainThread]: Parsing macros/materializations/hooks.sql
15:30:08.462739 [debug] [MainThread]: Parsing macros/materializations/models/incremental/column_helpers.sql
15:30:08.466936 [debug] [MainThread]: Parsing macros/materializations/models/incremental/incremental.sql
15:30:08.503198 [debug] [MainThread]: Parsing macros/materializations/models/incremental/is_incremental.sql
15:30:08.504777 [debug] [MainThread]: Parsing macros/materializations/models/incremental/merge.sql
15:30:08.519032 [debug] [MainThread]: Parsing macros/materializations/models/incremental/on_schema_change.sql
15:30:08.532872 [debug] [MainThread]: Parsing macros/materializations/models/table/create_table_as.sql
15:30:08.535615 [debug] [MainThread]: Parsing macros/materializations/models/table/table.sql
15:30:08.542400 [debug] [MainThread]: Parsing macros/materializations/models/view/create_or_replace_view.sql
15:30:08.544920 [debug] [MainThread]: Parsing macros/materializations/models/view/create_view_as.sql
15:30:08.547151 [debug] [MainThread]: Parsing macros/materializations/models/view/helpers.sql
15:30:08.548437 [debug] [MainThread]: Parsing macros/materializations/models/view/view.sql
15:30:08.554909 [debug] [MainThread]: Parsing macros/materializations/seeds/helpers.sql
15:30:08.570348 [debug] [MainThread]: Parsing macros/materializations/seeds/seed.sql
15:30:08.576081 [debug] [MainThread]: Parsing macros/materializations/snapshots/helpers.sql
15:30:08.587109 [debug] [MainThread]: Parsing macros/materializations/snapshots/snapshot.sql
15:30:08.597009 [debug] [MainThread]: Parsing macros/materializations/snapshots/snapshot_merge.sql
15:30:08.598557 [debug] [MainThread]: Parsing macros/materializations/snapshots/strategies.sql
15:30:08.613751 [debug] [MainThread]: Parsing macros/materializations/tests/helpers.sql
15:30:08.615491 [debug] [MainThread]: Parsing macros/materializations/tests/test.sql
15:30:08.619737 [debug] [MainThread]: Parsing macros/materializations/tests/where_subquery.sql
15:30:08.621444 [debug] [MainThread]: Parsing tests/generic/builtin.sql
15:30:08.796062 [debug] [MainThread]: 1699: static parser successfully parsed customers.sql
15:30:08.807669 [debug] [MainThread]: 1603: static parser failed on orders.sql
15:30:08.812376 [debug] [MainThread]: 1602: parser fallback to jinja rendering on orders.sql
15:30:08.813527 [debug] [MainThread]: 1699: static parser successfully parsed staging/stg_customers.sql
15:30:08.815742 [debug] [MainThread]: 1699: static parser successfully parsed staging/stg_orders.sql
15:30:08.817933 [debug] [MainThread]: 1699: static parser successfully parsed staging/stg_payments.sql
15:30:08.945418 [debug] [MainThread]: Sending event: {'category': 'dbt', 'action': 'load_project', 'label': '12473c9b-987b-40d3-987e-6025a1a1cf48', 'context': [<snowplow_tracker.self_describing_json.SelfDescribingJson object at 0x7fb9c5046590>]}
15:30:08.951067 [debug] [MainThread]: Sending event: {'category': 'dbt', 'action': 'resource_counts', 'label': '12473c9b-987b-40d3-987e-6025a1a1cf48', 'context': [<snowplow_tracker.self_describing_json.SelfDescribingJson object at 0x7fb9c48a9410>]}
15:30:08.951327 [info ] [MainThread]: Found 5 models, 20 tests, 0 snapshots, 0 analyses, 167 macros, 0 operations, 3 seed files, 0 sources, 0 exposures, 0 metrics
15:30:08.951581 [debug] [MainThread]: Sending event: {'category': 'dbt', 'action': 'runnable_timing', 'label': '12473c9b-987b-40d3-987e-6025a1a1cf48', 'context': [<snowplow_tracker.self_describing_json.SelfDescribingJson object at 0x7fb9c48a9fd0>]}
15:30:08.953374 [info ] [MainThread]: 
15:30:08.953763 [debug] [MainThread]: Acquiring new postgres connection "master"
15:30:08.954741 [debug] [ThreadPool]: Acquiring new postgres connection "list_dbtdb_dbt"
15:30:08.963415 [debug] [ThreadPool]: Using postgres connection "list_dbtdb_dbt"
15:30:08.963567 [debug] [ThreadPool]: On list_dbtdb_dbt: BEGIN
15:30:08.963716 [debug] [ThreadPool]: Opening a new connection, currently in state init
15:30:08.969133 [debug] [ThreadPool]: SQL status: BEGIN in 0.01 seconds
15:30:08.969303 [debug] [ThreadPool]: Using postgres connection "list_dbtdb_dbt"
15:30:08.969473 [debug] [ThreadPool]: On list_dbtdb_dbt: /* {"app": "dbt", "dbt_version": "1.1.0", "profile_name": "default", "target_name": "local", "connection_name": "list_dbtdb_dbt"} */
select
      'dbtdb' as database,
      tablename as name,
      schemaname as schema,
      'table' as type
    from pg_tables
    where schemaname ilike 'dbt'
    union all
    select
      'dbtdb' as database,
      viewname as name,
      schemaname as schema,
      'view' as type
    from pg_views
    where schemaname ilike 'dbt'
  
15:30:08.971433 [debug] [ThreadPool]: SQL status: SELECT 0 in 0.0 seconds
15:30:08.972392 [debug] [ThreadPool]: On list_dbtdb_dbt: ROLLBACK
15:30:08.972639 [debug] [ThreadPool]: On list_dbtdb_dbt: Close
15:30:08.976290 [debug] [MainThread]: Using postgres connection "master"
15:30:08.976442 [debug] [MainThread]: On master: BEGIN
15:30:08.976557 [debug] [MainThread]: Opening a new connection, currently in state init
15:30:08.979218 [debug] [MainThread]: SQL status: BEGIN in 0.0 seconds
15:30:08.979379 [debug] [MainThread]: Using postgres connection "master"
15:30:08.979522 [debug] [MainThread]: On master: /* {"app": "dbt", "dbt_version": "1.1.0", "profile_name": "default", "target_name": "local", "connection_name": "master"} */
with relation as (
        select
            pg_rewrite.ev_class as class,
            pg_rewrite.oid as id
        from pg_rewrite
    ),
    class as (
        select
            oid as id,
            relname as name,
            relnamespace as schema,
            relkind as kind
        from pg_class
    ),
    dependency as (
        select distinct
            pg_depend.objid as id,
            pg_depend.refobjid as ref
        from pg_depend
    ),
    schema as (
        select
            pg_namespace.oid as id,
            pg_namespace.nspname as name
        from pg_namespace
        where nspname != 'information_schema' and nspname not like 'pg\_%'
    ),
    referenced as (
        select
            relation.id AS id,
            referenced_class.name ,
            referenced_class.schema ,
            referenced_class.kind
        from relation
        join class as referenced_class on relation.class=referenced_class.id
        where referenced_class.kind in ('r', 'v')
    ),
    relationships as (
        select
            referenced.name as referenced_name,
            referenced.schema as referenced_schema_id,
            dependent_class.name as dependent_name,
            dependent_class.schema as dependent_schema_id,
            referenced.kind as kind
        from referenced
        join dependency on referenced.id=dependency.id
        join class as dependent_class on dependency.ref=dependent_class.id
        where
            (referenced.name != dependent_class.name or
             referenced.schema != dependent_class.schema)
    )

    select
        referenced_schema.name as referenced_schema,
        relationships.referenced_name as referenced_name,
        dependent_schema.name as dependent_schema,
        relationships.dependent_name as dependent_name
    from relationships
    join schema as dependent_schema on relationships.dependent_schema_id=dependent_schema.id
    join schema as referenced_schema on relationships.referenced_schema_id=referenced_schema.id
    group by referenced_schema, referenced_name, dependent_schema, dependent_name
    order by referenced_schema, referenced_name, dependent_schema, dependent_name;
15:30:08.981798 [debug] [MainThread]: SQL status: SELECT 0 in 0.0 seconds
15:30:08.982628 [debug] [MainThread]: Sending event: {'category': 'dbt', 'action': 'runnable_timing', 'label': '12473c9b-987b-40d3-987e-6025a1a1cf48', 'context': [<snowplow_tracker.self_describing_json.SelfDescribingJson object at 0x7fb9c4745d90>]}
15:30:08.982891 [debug] [MainThread]: On master: ROLLBACK
15:30:08.983112 [debug] [MainThread]: On master: Close
15:30:08.983419 [info ] [MainThread]: Concurrency: 4 threads (target='local')
15:30:08.983673 [info ] [MainThread]: 
15:30:08.988796 [debug] [Thread-1  ]: Began running node seed.jaffle_shop.raw_customers
15:30:08.989122 [debug] [Thread-2  ]: Began running node seed.jaffle_shop.raw_orders
15:30:08.989565 [debug] [Thread-1  ]: Acquiring new postgres connection "seed.jaffle_shop.raw_customers"
15:30:08.989750 [debug] [Thread-3  ]: Began running node seed.jaffle_shop.raw_payments
15:30:08.990152 [debug] [Thread-2  ]: Acquiring new postgres connection "seed.jaffle_shop.raw_orders"
15:30:08.990348 [debug] [Thread-1  ]: Began compiling node seed.jaffle_shop.raw_customers
15:30:08.990653 [debug] [Thread-3  ]: Acquiring new postgres connection "seed.jaffle_shop.raw_payments"
15:30:08.990873 [debug] [Thread-2  ]: Began compiling node seed.jaffle_shop.raw_orders
15:30:08.991063 [debug] [Thread-1  ]: Compiling seed.jaffle_shop.raw_customers
15:30:08.991251 [debug] [Thread-3  ]: Began compiling node seed.jaffle_shop.raw_payments
15:30:08.991408 [debug] [Thread-2  ]: Compiling seed.jaffle_shop.raw_orders
15:30:08.992604 [debug] [Thread-1  ]: Writing injected SQL for node "seed.jaffle_shop.raw_customers"
15:30:08.992770 [debug] [Thread-3  ]: Compiling seed.jaffle_shop.raw_payments
15:30:08.993711 [debug] [Thread-2  ]: Writing injected SQL for node "seed.jaffle_shop.raw_orders"
15:30:08.993899 [debug] [Thread-1  ]: finished collecting timing info
15:30:08.994963 [debug] [Thread-3  ]: Writing injected SQL for node "seed.jaffle_shop.raw_payments"
15:30:08.995157 [debug] [Thread-2  ]: finished collecting timing info
15:30:08.995335 [debug] [Thread-1  ]: Began executing node seed.jaffle_shop.raw_customers
15:30:08.995507 [debug] [Thread-3  ]: finished collecting timing info
15:30:08.995667 [debug] [Thread-2  ]: Began executing node seed.jaffle_shop.raw_orders
15:30:08.995849 [debug] [Thread-1  ]: finished collecting timing info
15:30:08.996028 [debug] [Thread-3  ]: Began executing node seed.jaffle_shop.raw_payments
15:30:08.996206 [debug] [Thread-2  ]: finished collecting timing info
15:30:08.996580 [debug] [Thread-1  ]: Finished running node seed.jaffle_shop.raw_customers
15:30:08.996764 [debug] [Thread-3  ]: finished collecting timing info
15:30:08.997093 [debug] [Thread-2  ]: Finished running node seed.jaffle_shop.raw_orders
15:30:08.997661 [debug] [Thread-3  ]: Finished running node seed.jaffle_shop.raw_payments
15:30:08.997977 [debug] [Thread-2  ]: Began running node model.jaffle_shop.stg_customers
15:30:08.998593 [debug] [Thread-2  ]: Acquiring new postgres connection "model.jaffle_shop.stg_customers"
15:30:08.998814 [debug] [Thread-1  ]: Began running node model.jaffle_shop.stg_orders
15:30:08.998957 [debug] [Thread-2  ]: Began compiling node model.jaffle_shop.stg_customers
15:30:08.999106 [debug] [Thread-4  ]: Began running node model.jaffle_shop.stg_payments
15:30:08.999425 [debug] [Thread-1  ]: Acquiring new postgres connection "model.jaffle_shop.stg_orders"
15:30:08.999584 [debug] [Thread-2  ]: Compiling model.jaffle_shop.stg_customers
15:30:08.999871 [debug] [Thread-4  ]: Acquiring new postgres connection "model.jaffle_shop.stg_payments"
15:30:09.000036 [debug] [Thread-1  ]: Began compiling node model.jaffle_shop.stg_orders
15:30:09.001950 [debug] [Thread-2  ]: Writing injected SQL for node "model.jaffle_shop.stg_customers"
15:30:09.002130 [debug] [Thread-4  ]: Began compiling node model.jaffle_shop.stg_payments
15:30:09.002311 [debug] [Thread-1  ]: Compiling model.jaffle_shop.stg_orders
15:30:09.002775 [debug] [Thread-4  ]: Compiling model.jaffle_shop.stg_payments
15:30:09.005299 [debug] [Thread-1  ]: Writing injected SQL for node "model.jaffle_shop.stg_orders"
15:30:09.007592 [debug] [Thread-4  ]: Writing injected SQL for node "model.jaffle_shop.stg_payments"
15:30:09.008151 [debug] [Thread-2  ]: finished collecting timing info
15:30:09.008424 [debug] [Thread-2  ]: Began executing node model.jaffle_shop.stg_customers
15:30:09.008635 [debug] [Thread-2  ]: finished collecting timing info
15:30:09.009038 [debug] [Thread-2  ]: Finished running node model.jaffle_shop.stg_customers
15:30:09.009236 [debug] [Thread-1  ]: finished collecting timing info
15:30:09.009421 [debug] [Thread-4  ]: finished collecting timing info
15:30:09.009912 [debug] [Thread-1  ]: Began executing node model.jaffle_shop.stg_orders
15:30:09.010113 [debug] [Thread-3  ]: Began running node test.jaffle_shop.not_null_stg_customers_customer_id.e2cfb1f9aa
15:30:09.010323 [debug] [Thread-2  ]: Began running node test.jaffle_shop.unique_stg_customers_customer_id.c7614daada
15:30:09.010473 [debug] [Thread-4  ]: Began executing node model.jaffle_shop.stg_payments
15:30:09.010699 [debug] [Thread-1  ]: finished collecting timing info
15:30:09.011030 [debug] [Thread-3  ]: Acquiring new postgres connection "test.jaffle_shop.not_null_stg_customers_customer_id.e2cfb1f9aa"
15:30:09.011333 [debug] [Thread-2  ]: Acquiring new postgres connection "test.jaffle_shop.unique_stg_customers_customer_id.c7614daada"
15:30:09.011514 [debug] [Thread-4  ]: finished collecting timing info
15:30:09.011998 [debug] [Thread-1  ]: Finished running node model.jaffle_shop.stg_orders
15:30:09.012204 [debug] [Thread-3  ]: Began compiling node test.jaffle_shop.not_null_stg_customers_customer_id.e2cfb1f9aa
15:30:09.012393 [debug] [Thread-2  ]: Began compiling node test.jaffle_shop.unique_stg_customers_customer_id.c7614daada
15:30:09.012809 [debug] [Thread-4  ]: Finished running node model.jaffle_shop.stg_payments
15:30:09.013293 [debug] [Thread-3  ]: Compiling test.jaffle_shop.not_null_stg_customers_customer_id.e2cfb1f9aa
15:30:09.013473 [debug] [Thread-1  ]: Began running node test.jaffle_shop.accepted_values_stg_orders_status__placed__shipped__completed__return_pending__returned.080fb20aad
15:30:09.013671 [debug] [Thread-2  ]: Compiling test.jaffle_shop.unique_stg_customers_customer_id.c7614daada
15:30:09.013891 [debug] [Thread-4  ]: Began running node test.jaffle_shop.not_null_stg_orders_order_id.81cfe2fe64
15:30:09.022569 [debug] [Thread-3  ]: Writing injected SQL for node "test.jaffle_shop.not_null_stg_customers_customer_id.e2cfb1f9aa"
15:30:09.023244 [debug] [Thread-1  ]: Acquiring new postgres connection "test.jaffle_shop.accepted_values_stg_orders_status__placed__shipped__completed__return_pending__returned.080fb20aad"
15:30:09.028679 [debug] [Thread-2  ]: Writing injected SQL for node "test.jaffle_shop.unique_stg_customers_customer_id.c7614daada"
15:30:09.029025 [debug] [Thread-4  ]: Acquiring new postgres connection "test.jaffle_shop.not_null_stg_orders_order_id.81cfe2fe64"
15:30:09.029386 [debug] [Thread-1  ]: Began compiling node test.jaffle_shop.accepted_values_stg_orders_status__placed__shipped__completed__return_pending__returned.080fb20aad
15:30:09.029808 [debug] [Thread-4  ]: Began compiling node test.jaffle_shop.not_null_stg_orders_order_id.81cfe2fe64
15:30:09.030014 [debug] [Thread-3  ]: finished collecting timing info
15:30:09.030226 [debug] [Thread-1  ]: Compiling test.jaffle_shop.accepted_values_stg_orders_status__placed__shipped__completed__return_pending__returned.080fb20aad
15:30:09.030370 [debug] [Thread-2  ]: finished collecting timing info
15:30:09.030570 [debug] [Thread-4  ]: Compiling test.jaffle_shop.not_null_stg_orders_order_id.81cfe2fe64
15:30:09.030775 [debug] [Thread-3  ]: Began executing node test.jaffle_shop.not_null_stg_customers_customer_id.e2cfb1f9aa
15:30:09.035902 [debug] [Thread-1  ]: Writing injected SQL for node "test.jaffle_shop.accepted_values_stg_orders_status__placed__shipped__completed__return_pending__returned.080fb20aad"
15:30:09.036124 [debug] [Thread-2  ]: Began executing node test.jaffle_shop.unique_stg_customers_customer_id.c7614daada
15:30:09.039547 [debug] [Thread-4  ]: Writing injected SQL for node "test.jaffle_shop.not_null_stg_orders_order_id.81cfe2fe64"
15:30:09.039748 [debug] [Thread-3  ]: finished collecting timing info
15:30:09.040061 [debug] [Thread-2  ]: finished collecting timing info
15:30:09.040331 [debug] [Thread-1  ]: finished collecting timing info
15:30:09.040803 [debug] [Thread-3  ]: Finished running node test.jaffle_shop.not_null_stg_customers_customer_id.e2cfb1f9aa
15:30:09.041245 [debug] [Thread-2  ]: Finished running node test.jaffle_shop.unique_stg_customers_customer_id.c7614daada
15:30:09.041393 [debug] [Thread-4  ]: finished collecting timing info
15:30:09.041608 [debug] [Thread-1  ]: Began executing node test.jaffle_shop.accepted_values_stg_orders_status__placed__shipped__completed__return_pending__returned.080fb20aad
15:30:09.041855 [debug] [Thread-3  ]: Began running node test.jaffle_shop.unique_stg_orders_order_id.e3b841c71a
15:30:09.042165 [debug] [Thread-2  ]: Began running node model.jaffle_shop.customers
15:30:09.042417 [debug] [Thread-4  ]: Began executing node test.jaffle_shop.not_null_stg_orders_order_id.81cfe2fe64
15:30:09.042624 [debug] [Thread-1  ]: finished collecting timing info
15:30:09.042976 [debug] [Thread-3  ]: Acquiring new postgres connection "test.jaffle_shop.unique_stg_orders_order_id.e3b841c71a"
15:30:09.043267 [debug] [Thread-2  ]: Acquiring new postgres connection "model.jaffle_shop.customers"
15:30:09.043468 [debug] [Thread-4  ]: finished collecting timing info
15:30:09.043924 [debug] [Thread-1  ]: Finished running node test.jaffle_shop.accepted_values_stg_orders_status__placed__shipped__completed__return_pending__returned.080fb20aad
15:30:09.044154 [debug] [Thread-3  ]: Began compiling node test.jaffle_shop.unique_stg_orders_order_id.e3b841c71a
15:30:09.044361 [debug] [Thread-2  ]: Began compiling node model.jaffle_shop.customers
15:30:09.044791 [debug] [Thread-4  ]: Finished running node test.jaffle_shop.not_null_stg_orders_order_id.81cfe2fe64
15:30:09.045049 [debug] [Thread-1  ]: Began running node model.jaffle_shop.orders
15:30:09.045340 [debug] [Thread-3  ]: Compiling test.jaffle_shop.unique_stg_orders_order_id.e3b841c71a
15:30:09.045515 [debug] [Thread-2  ]: Compiling model.jaffle_shop.customers
15:30:09.045724 [debug] [Thread-4  ]: Began running node test.jaffle_shop.accepted_values_stg_payments_payment_method__credit_card__coupon__bank_transfer__gift_card.3c3820f278
15:30:09.046196 [debug] [Thread-1  ]: Acquiring new postgres connection "model.jaffle_shop.orders"
15:30:09.049297 [debug] [Thread-3  ]: Writing injected SQL for node "test.jaffle_shop.unique_stg_orders_order_id.e3b841c71a"
15:30:09.052024 [debug] [Thread-2  ]: Writing injected SQL for node "model.jaffle_shop.customers"
15:30:09.052363 [debug] [Thread-4  ]: Acquiring new postgres connection "test.jaffle_shop.accepted_values_stg_payments_payment_method__credit_card__coupon__bank_transfer__gift_card.3c3820f278"
15:30:09.052599 [debug] [Thread-1  ]: Began compiling node model.jaffle_shop.orders
15:30:09.053212 [debug] [Thread-4  ]: Began compiling node test.jaffle_shop.accepted_values_stg_payments_payment_method__credit_card__coupon__bank_transfer__gift_card.3c3820f278
15:30:09.053357 [debug] [Thread-3  ]: finished collecting timing info
15:30:09.053601 [debug] [Thread-2  ]: finished collecting timing info
15:30:09.053827 [debug] [Thread-1  ]: Compiling model.jaffle_shop.orders
15:30:09.054130 [debug] [Thread-4  ]: Compiling test.jaffle_shop.accepted_values_stg_payments_payment_method__credit_card__coupon__bank_transfer__gift_card.3c3820f278
15:30:09.054356 [debug] [Thread-3  ]: Began executing node test.jaffle_shop.unique_stg_orders_order_id.e3b841c71a
15:30:09.054545 [debug] [Thread-2  ]: Began executing node model.jaffle_shop.customers
15:30:09.057869 [debug] [Thread-1  ]: Writing injected SQL for node "model.jaffle_shop.orders"
15:30:09.062200 [debug] [Thread-4  ]: Writing injected SQL for node "test.jaffle_shop.accepted_values_stg_payments_payment_method__credit_card__coupon__bank_transfer__gift_card.3c3820f278"
15:30:09.062406 [debug] [Thread-3  ]: finished collecting timing info
15:30:09.062603 [debug] [Thread-2  ]: finished collecting timing info
15:30:09.063111 [debug] [Thread-1  ]: finished collecting timing info
15:30:09.063502 [debug] [Thread-3  ]: Finished running node test.jaffle_shop.unique_stg_orders_order_id.e3b841c71a
15:30:09.063664 [debug] [Thread-4  ]: finished collecting timing info
15:30:09.064048 [debug] [Thread-2  ]: Finished running node model.jaffle_shop.customers
15:30:09.064223 [debug] [Thread-1  ]: Began executing node model.jaffle_shop.orders
15:30:09.064429 [debug] [Thread-3  ]: Began running node test.jaffle_shop.not_null_stg_payments_payment_id.c19cc50075
15:30:09.064690 [debug] [Thread-4  ]: Began executing node test.jaffle_shop.accepted_values_stg_payments_payment_method__credit_card__coupon__bank_transfer__gift_card.3c3820f278
15:30:09.064898 [debug] [Thread-2  ]: Began running node test.jaffle_shop.unique_stg_payments_payment_id.3744510712
15:30:09.065168 [debug] [Thread-1  ]: finished collecting timing info
15:30:09.065580 [debug] [Thread-3  ]: Acquiring new postgres connection "test.jaffle_shop.not_null_stg_payments_payment_id.c19cc50075"
15:30:09.065758 [debug] [Thread-4  ]: finished collecting timing info
15:30:09.066027 [debug] [Thread-2  ]: Acquiring new postgres connection "test.jaffle_shop.unique_stg_payments_payment_id.3744510712"
15:30:09.066420 [debug] [Thread-1  ]: Finished running node model.jaffle_shop.orders
15:30:09.066590 [debug] [Thread-3  ]: Began compiling node test.jaffle_shop.not_null_stg_payments_payment_id.c19cc50075
15:30:09.066960 [debug] [Thread-4  ]: Finished running node test.jaffle_shop.accepted_values_stg_payments_payment_method__credit_card__coupon__bank_transfer__gift_card.3c3820f278
15:30:09.067131 [debug] [Thread-2  ]: Began compiling node test.jaffle_shop.unique_stg_payments_payment_id.3744510712
15:30:09.067336 [debug] [Thread-1  ]: Began running node test.jaffle_shop.not_null_customers_customer_id.5c9bf9911d
15:30:09.067608 [debug] [Thread-3  ]: Compiling test.jaffle_shop.not_null_stg_payments_payment_id.c19cc50075
15:30:09.068035 [debug] [Thread-4  ]: Began running node test.jaffle_shop.unique_customers_customer_id.c5af1ff4b1
15:30:09.068247 [debug] [Thread-2  ]: Compiling test.jaffle_shop.unique_stg_payments_payment_id.3744510712
15:30:09.068559 [debug] [Thread-1  ]: Acquiring new postgres connection "test.jaffle_shop.not_null_customers_customer_id.5c9bf9911d"
15:30:09.071504 [debug] [Thread-3  ]: Writing injected SQL for node "test.jaffle_shop.not_null_stg_payments_payment_id.c19cc50075"
15:30:09.071805 [debug] [Thread-4  ]: Acquiring new postgres connection "test.jaffle_shop.unique_customers_customer_id.c5af1ff4b1"
15:30:09.074623 [debug] [Thread-2  ]: Writing injected SQL for node "test.jaffle_shop.unique_stg_payments_payment_id.3744510712"
15:30:09.074869 [debug] [Thread-1  ]: Began compiling node test.jaffle_shop.not_null_customers_customer_id.5c9bf9911d
15:30:09.075175 [debug] [Thread-4  ]: Began compiling node test.jaffle_shop.unique_customers_customer_id.c5af1ff4b1
15:30:09.075487 [debug] [Thread-3  ]: finished collecting timing info
15:30:09.075657 [debug] [Thread-1  ]: Compiling test.jaffle_shop.not_null_customers_customer_id.5c9bf9911d
15:30:09.075857 [debug] [Thread-2  ]: finished collecting timing info
15:30:09.075993 [debug] [Thread-4  ]: Compiling test.jaffle_shop.unique_customers_customer_id.c5af1ff4b1
15:30:09.076176 [debug] [Thread-3  ]: Began executing node test.jaffle_shop.not_null_stg_payments_payment_id.c19cc50075
15:30:09.079345 [debug] [Thread-1  ]: Writing injected SQL for node "test.jaffle_shop.not_null_customers_customer_id.5c9bf9911d"
15:30:09.079549 [debug] [Thread-2  ]: Began executing node test.jaffle_shop.unique_stg_payments_payment_id.3744510712
15:30:09.082343 [debug] [Thread-4  ]: Writing injected SQL for node "test.jaffle_shop.unique_customers_customer_id.c5af1ff4b1"
15:30:09.082556 [debug] [Thread-3  ]: finished collecting timing info
15:30:09.082941 [debug] [Thread-2  ]: finished collecting timing info
15:30:09.083263 [debug] [Thread-1  ]: finished collecting timing info
15:30:09.083683 [debug] [Thread-3  ]: Finished running node test.jaffle_shop.not_null_stg_payments_payment_id.c19cc50075
15:30:09.083825 [debug] [Thread-4  ]: finished collecting timing info
15:30:09.084165 [debug] [Thread-2  ]: Finished running node test.jaffle_shop.unique_stg_payments_payment_id.3744510712
15:30:09.084333 [debug] [Thread-1  ]: Began executing node test.jaffle_shop.not_null_customers_customer_id.5c9bf9911d
15:30:09.084533 [debug] [Thread-3  ]: Began running node test.jaffle_shop.accepted_values_orders_status__placed__shipped__completed__return_pending__returned.be6b5b5ec3
15:30:09.084788 [debug] [Thread-4  ]: Began executing node test.jaffle_shop.unique_customers_customer_id.c5af1ff4b1
15:30:09.084987 [debug] [Thread-2  ]: Began running node test.jaffle_shop.not_null_orders_amount.106140f9fd
15:30:09.085207 [debug] [Thread-1  ]: finished collecting timing info
15:30:09.085468 [debug] [Thread-3  ]: Acquiring new postgres connection "test.jaffle_shop.accepted_values_orders_status__placed__shipped__completed__return_pending__returned.be6b5b5ec3"
15:30:09.085637 [debug] [Thread-4  ]: finished collecting timing info
15:30:09.085900 [debug] [Thread-2  ]: Acquiring new postgres connection "test.jaffle_shop.not_null_orders_amount.106140f9fd"
15:30:09.086231 [debug] [Thread-1  ]: Finished running node test.jaffle_shop.not_null_customers_customer_id.5c9bf9911d
15:30:09.086397 [debug] [Thread-3  ]: Began compiling node test.jaffle_shop.accepted_values_orders_status__placed__shipped__completed__return_pending__returned.be6b5b5ec3
15:30:09.086772 [debug] [Thread-4  ]: Finished running node test.jaffle_shop.unique_customers_customer_id.c5af1ff4b1
15:30:09.086946 [debug] [Thread-2  ]: Began compiling node test.jaffle_shop.not_null_orders_amount.106140f9fd
15:30:09.087155 [debug] [Thread-1  ]: Began running node test.jaffle_shop.not_null_orders_bank_transfer_amount.7743500c49
15:30:09.087411 [debug] [Thread-3  ]: Compiling test.jaffle_shop.accepted_values_orders_status__placed__shipped__completed__return_pending__returned.be6b5b5ec3
15:30:09.087629 [debug] [Thread-4  ]: Began running node test.jaffle_shop.not_null_orders_coupon_amount.ab90c90625
15:30:09.087851 [debug] [Thread-2  ]: Compiling test.jaffle_shop.not_null_orders_amount.106140f9fd
15:30:09.088118 [debug] [Thread-1  ]: Acquiring new postgres connection "test.jaffle_shop.not_null_orders_bank_transfer_amount.7743500c49"
15:30:09.093575 [debug] [Thread-3  ]: Writing injected SQL for node "test.jaffle_shop.accepted_values_orders_status__placed__shipped__completed__return_pending__returned.be6b5b5ec3"
15:30:09.093856 [debug] [Thread-4  ]: Acquiring new postgres connection "test.jaffle_shop.not_null_orders_coupon_amount.ab90c90625"
15:30:09.096832 [debug] [Thread-2  ]: Writing injected SQL for node "test.jaffle_shop.not_null_orders_amount.106140f9fd"
15:30:09.097033 [debug] [Thread-1  ]: Began compiling node test.jaffle_shop.not_null_orders_bank_transfer_amount.7743500c49
15:30:09.097331 [debug] [Thread-4  ]: Began compiling node test.jaffle_shop.not_null_orders_coupon_amount.ab90c90625
15:30:09.097639 [debug] [Thread-3  ]: finished collecting timing info
15:30:09.097800 [debug] [Thread-1  ]: Compiling test.jaffle_shop.not_null_orders_bank_transfer_amount.7743500c49
15:30:09.098014 [debug] [Thread-2  ]: finished collecting timing info
15:30:09.098147 [debug] [Thread-4  ]: Compiling test.jaffle_shop.not_null_orders_coupon_amount.ab90c90625
15:30:09.098318 [debug] [Thread-3  ]: Began executing node test.jaffle_shop.accepted_values_orders_status__placed__shipped__completed__return_pending__returned.be6b5b5ec3
15:30:09.101199 [debug] [Thread-1  ]: Writing injected SQL for node "test.jaffle_shop.not_null_orders_bank_transfer_amount.7743500c49"
15:30:09.101416 [debug] [Thread-2  ]: Began executing node test.jaffle_shop.not_null_orders_amount.106140f9fd
15:30:09.104466 [debug] [Thread-4  ]: Writing injected SQL for node "test.jaffle_shop.not_null_orders_coupon_amount.ab90c90625"
15:30:09.104654 [debug] [Thread-3  ]: finished collecting timing info
15:30:09.104957 [debug] [Thread-2  ]: finished collecting timing info
15:30:09.105294 [debug] [Thread-1  ]: finished collecting timing info
15:30:09.105642 [debug] [Thread-3  ]: Finished running node test.jaffle_shop.accepted_values_orders_status__placed__shipped__completed__return_pending__returned.be6b5b5ec3
15:30:09.106010 [debug] [Thread-2  ]: Finished running node test.jaffle_shop.not_null_orders_amount.106140f9fd
15:30:09.106148 [debug] [Thread-4  ]: finished collecting timing info
15:30:09.106319 [debug] [Thread-1  ]: Began executing node test.jaffle_shop.not_null_orders_bank_transfer_amount.7743500c49
15:30:09.106517 [debug] [Thread-3  ]: Began running node test.jaffle_shop.not_null_orders_credit_card_amount.d3ca593b59
15:30:09.106806 [debug] [Thread-2  ]: Began running node test.jaffle_shop.not_null_orders_customer_id.c5f02694af
15:30:09.107034 [debug] [Thread-4  ]: Began executing node test.jaffle_shop.not_null_orders_coupon_amount.ab90c90625
15:30:09.107203 [debug] [Thread-1  ]: finished collecting timing info
15:30:09.107467 [debug] [Thread-3  ]: Acquiring new postgres connection "test.jaffle_shop.not_null_orders_credit_card_amount.d3ca593b59"
15:30:09.107723 [debug] [Thread-2  ]: Acquiring new postgres connection "test.jaffle_shop.not_null_orders_customer_id.c5f02694af"
15:30:09.107888 [debug] [Thread-4  ]: finished collecting timing info
15:30:09.108212 [debug] [Thread-1  ]: Finished running node test.jaffle_shop.not_null_orders_bank_transfer_amount.7743500c49
15:30:09.108376 [debug] [Thread-3  ]: Began compiling node test.jaffle_shop.not_null_orders_credit_card_amount.d3ca593b59
15:30:09.108529 [debug] [Thread-2  ]: Began compiling node test.jaffle_shop.not_null_orders_customer_id.c5f02694af
15:30:09.108906 [debug] [Thread-4  ]: Finished running node test.jaffle_shop.not_null_orders_coupon_amount.ab90c90625
15:30:09.109104 [debug] [Thread-1  ]: Began running node test.jaffle_shop.not_null_orders_gift_card_amount.413a0d2d7a
15:30:09.109319 [debug] [Thread-3  ]: Compiling test.jaffle_shop.not_null_orders_credit_card_amount.d3ca593b59
15:30:09.109471 [debug] [Thread-2  ]: Compiling test.jaffle_shop.not_null_orders_customer_id.c5f02694af
15:30:09.109658 [debug] [Thread-4  ]: Began running node test.jaffle_shop.not_null_orders_order_id.cf6c17daed
15:30:09.109975 [debug] [Thread-1  ]: Acquiring new postgres connection "test.jaffle_shop.not_null_orders_gift_card_amount.413a0d2d7a"
15:30:09.112769 [debug] [Thread-3  ]: Writing injected SQL for node "test.jaffle_shop.not_null_orders_credit_card_amount.d3ca593b59"
15:30:09.115715 [debug] [Thread-2  ]: Writing injected SQL for node "test.jaffle_shop.not_null_orders_customer_id.c5f02694af"
15:30:09.116007 [debug] [Thread-4  ]: Acquiring new postgres connection "test.jaffle_shop.not_null_orders_order_id.cf6c17daed"
15:30:09.116182 [debug] [Thread-1  ]: Began compiling node test.jaffle_shop.not_null_orders_gift_card_amount.413a0d2d7a
15:30:09.116650 [debug] [Thread-4  ]: Began compiling node test.jaffle_shop.not_null_orders_order_id.cf6c17daed
15:30:09.116785 [debug] [Thread-2  ]: finished collecting timing info
15:30:09.116955 [debug] [Thread-1  ]: Compiling test.jaffle_shop.not_null_orders_gift_card_amount.413a0d2d7a
15:30:09.117076 [debug] [Thread-3  ]: finished collecting timing info
15:30:09.117259 [debug] [Thread-4  ]: Compiling test.jaffle_shop.not_null_orders_order_id.cf6c17daed
15:30:09.117419 [debug] [Thread-2  ]: Began executing node test.jaffle_shop.not_null_orders_customer_id.c5f02694af
15:30:09.120263 [debug] [Thread-1  ]: Writing injected SQL for node "test.jaffle_shop.not_null_orders_gift_card_amount.413a0d2d7a"
15:30:09.120448 [debug] [Thread-3  ]: Began executing node test.jaffle_shop.not_null_orders_credit_card_amount.d3ca593b59
15:30:09.123236 [debug] [Thread-4  ]: Writing injected SQL for node "test.jaffle_shop.not_null_orders_order_id.cf6c17daed"
15:30:09.123459 [debug] [Thread-2  ]: finished collecting timing info
15:30:09.123742 [debug] [Thread-3  ]: finished collecting timing info
15:30:09.124027 [debug] [Thread-1  ]: finished collecting timing info
15:30:09.124376 [debug] [Thread-2  ]: Finished running node test.jaffle_shop.not_null_orders_customer_id.c5f02694af
15:30:09.124744 [debug] [Thread-3  ]: Finished running node test.jaffle_shop.not_null_orders_credit_card_amount.d3ca593b59
15:30:09.124883 [debug] [Thread-4  ]: finished collecting timing info
15:30:09.125054 [debug] [Thread-1  ]: Began executing node test.jaffle_shop.not_null_orders_gift_card_amount.413a0d2d7a
15:30:09.125247 [debug] [Thread-2  ]: Began running node test.jaffle_shop.relationships_orders_customer_id__customer_id__ref_customers_.c6ec7f58f2
15:30:09.125510 [debug] [Thread-3  ]: Began running node test.jaffle_shop.unique_orders_order_id.fed79b3a6e
15:30:09.125736 [debug] [Thread-4  ]: Began executing node test.jaffle_shop.not_null_orders_order_id.cf6c17daed
15:30:09.125897 [debug] [Thread-1  ]: finished collecting timing info
15:30:09.126290 [debug] [Thread-2  ]: Acquiring new postgres connection "test.jaffle_shop.relationships_orders_customer_id__customer_id__ref_customers_.c6ec7f58f2"
15:30:09.126560 [debug] [Thread-3  ]: Acquiring new postgres connection "test.jaffle_shop.unique_orders_order_id.fed79b3a6e"
15:30:09.126764 [debug] [Thread-4  ]: finished collecting timing info
15:30:09.127100 [debug] [Thread-1  ]: Finished running node test.jaffle_shop.not_null_orders_gift_card_amount.413a0d2d7a
15:30:09.127262 [debug] [Thread-2  ]: Began compiling node test.jaffle_shop.relationships_orders_customer_id__customer_id__ref_customers_.c6ec7f58f2
15:30:09.127422 [debug] [Thread-3  ]: Began compiling node test.jaffle_shop.unique_orders_order_id.fed79b3a6e
15:30:09.127766 [debug] [Thread-4  ]: Finished running node test.jaffle_shop.not_null_orders_order_id.cf6c17daed
15:30:09.128065 [debug] [Thread-2  ]: Compiling test.jaffle_shop.relationships_orders_customer_id__customer_id__ref_customers_.c6ec7f58f2
15:30:09.128215 [debug] [Thread-3  ]: Compiling test.jaffle_shop.unique_orders_order_id.fed79b3a6e
15:30:09.132142 [debug] [Thread-2  ]: Writing injected SQL for node "test.jaffle_shop.relationships_orders_customer_id__customer_id__ref_customers_.c6ec7f58f2"
15:30:09.135203 [debug] [Thread-3  ]: Writing injected SQL for node "test.jaffle_shop.unique_orders_order_id.fed79b3a6e"
15:30:09.135592 [debug] [Thread-2  ]: finished collecting timing info
15:30:09.135747 [debug] [Thread-2  ]: Began executing node test.jaffle_shop.relationships_orders_customer_id__customer_id__ref_customers_.c6ec7f58f2
15:30:09.135879 [debug] [Thread-3  ]: finished collecting timing info
15:30:09.136033 [debug] [Thread-2  ]: finished collecting timing info
15:30:09.136191 [debug] [Thread-3  ]: Began executing node test.jaffle_shop.unique_orders_order_id.fed79b3a6e
15:30:09.136537 [debug] [Thread-2  ]: Finished running node test.jaffle_shop.relationships_orders_customer_id__customer_id__ref_customers_.c6ec7f58f2
15:30:09.136696 [debug] [Thread-3  ]: finished collecting timing info
15:30:09.137127 [debug] [Thread-3  ]: Finished running node test.jaffle_shop.unique_orders_order_id.fed79b3a6e
15:30:09.194383 [debug] [MainThread]: Connection 'master' was properly closed.
15:30:09.194671 [debug] [MainThread]: Connection 'test.jaffle_shop.not_null_orders_gift_card_amount.413a0d2d7a' was properly closed.
15:30:09.194845 [debug] [MainThread]: Connection 'test.jaffle_shop.relationships_orders_customer_id__customer_id__ref_customers_.c6ec7f58f2' was properly closed.
15:30:09.194957 [debug] [MainThread]: Connection 'test.jaffle_shop.unique_orders_order_id.fed79b3a6e' was properly closed.
15:30:09.195061 [debug] [MainThread]: Connection 'test.jaffle_shop.not_null_orders_order_id.cf6c17daed' was properly closed.
15:30:09.200623 [info ] [MainThread]: Done.
15:30:09.200936 [debug] [MainThread]: Sending event: {'category': 'dbt', 'action': 'invocation', 'label': 'end', 'context': [<snowplow_tracker.self_describing_json.SelfDescribingJson object at 0x7fb9c3f1b210>, <snowplow_tracker.self_describing_json.SelfDescribingJson object at 0x7fb9c28b3110>, <snowplow_tracker.self_describing_json.SelfDescribingJson object at 0x7fb9c3236390>]}
